Copyright 1986-2019 Xilinx, Inc. All Rights Reserved.
--------------------------------------------------------------------------------------
| Tool Version : Vivado v.2019.1 (lin64) Build 2552052 Fri May 24 14:47:09 MDT 2019
| Date         : Sun Jul 21 19:23:51 2019
| Host         : Host-001 running 64-bit Fedora release 27 (Twenty Seven)
| Command      : report_timing_summary -file post_route_opt_design_timing_summary.rpt
| Design       : top_blink_leds
| Device       : 7a35ti-csg324
| Speed File   : -1L  PRODUCTION 1.23 2018-06-13
--------------------------------------------------------------------------------------

Timing Summary Report

------------------------------------------------------------------------------------------------
| Timer Settings
| --------------
------------------------------------------------------------------------------------------------

  Enable Multi Corner Analysis               :  Yes
  Enable Pessimism Removal                   :  Yes
  Pessimism Removal Resolution               :  Nearest Common Node
  Enable Input Delay Default Clock           :  No
  Enable Preset / Clear Arcs                 :  No
  Disable Flight Delays                      :  No
  Ignore I/O Paths                           :  No
  Timing Early Launch at Borrowing Latches   :  No
  Borrow Time for Max Delay Exceptions       :  Yes

  Corner  Analyze    Analyze    
  Name    Max Paths  Min Paths  
  ------  ---------  ---------  
  Slow    Yes        Yes        
  Fast    Yes        Yes        



check_timing report

Table of Contents
-----------------
1. checking no_clock
2. checking constant_clock
3. checking pulse_width_clock
4. checking unconstrained_internal_endpoints
5. checking no_input_delay
6. checking no_output_delay
7. checking multiple_clock
8. checking generated_clocks
9. checking loops
10. checking partial_input_delay
11. checking partial_output_delay
12. checking latch_loops

1. checking no_clock
--------------------
 There are 0 register/latch pins with no clock.


2. checking constant_clock
--------------------------
 There are 0 register/latch pins with constant_clock.


3. checking pulse_width_clock
-----------------------------
 There are 0 register/latch pins which need pulse_width check


4. checking unconstrained_internal_endpoints
--------------------------------------------
 There are 0 pins that are not constrained for maximum delay.

 There are 0 pins that are not constrained for maximum delay due to constant clock.


5. checking no_input_delay
--------------------------
 There are 0 input ports with no input delay specified.

 There is 1 input port with no input delay but user has a false path constraint. (MEDIUM)


6. checking no_output_delay
---------------------------
 There are 16 ports with no output delay specified. (HIGH)

 There are 0 ports with no output delay but user has a false path constraint

 There are 0 ports with no output delay but with a timing clock defined on it or propagating through it


7. checking multiple_clock
--------------------------
 There are 0 register/latch pins with multiple clocks.


8. checking generated_clocks
----------------------------
 There are 0 generated clocks that are not connected to a clock source.


9. checking loops
-----------------
 There are 0 combinational loops in the design.


10. checking partial_input_delay
--------------------------------
 There are 0 input ports with partial input delay specified.


11. checking partial_output_delay
---------------------------------
 There are 0 ports with partial output delay specified.


12. checking latch_loops
------------------------
 There are 0 combinational latch loops in the design through latch input



------------------------------------------------------------------------------------------------
| Design Timing Summary
| ---------------------
------------------------------------------------------------------------------------------------

    WNS(ns)      TNS(ns)  TNS Failing Endpoints  TNS Total Endpoints      WHS(ns)      THS(ns)  THS Failing Endpoints  THS Total Endpoints     WPWS(ns)     TPWS(ns)  TPWS Failing Endpoints  TPWS Total Endpoints  
    -------      -------  ---------------------  -------------------      -------      -------  ---------------------  -------------------     --------     --------  ----------------------  --------------------  
      7.475        0.000                      0                   28        0.252        0.000                      0                   28        4.500        0.000                       0                    29  


All user specified timing constraints are met.


------------------------------------------------------------------------------------------------
| Clock Summary
| -------------
------------------------------------------------------------------------------------------------

Clock    Waveform(ns)       Period(ns)      Frequency(MHz)
-----    ------------       ----------      --------------
gclk100  {0.000 5.000}      10.000          100.000         


------------------------------------------------------------------------------------------------
| Intra Clock Table
| -----------------
------------------------------------------------------------------------------------------------

Clock             WNS(ns)      TNS(ns)  TNS Failing Endpoints  TNS Total Endpoints      WHS(ns)      THS(ns)  THS Failing Endpoints  THS Total Endpoints     WPWS(ns)     TPWS(ns)  TPWS Failing Endpoints  TPWS Total Endpoints  
-----             -------      -------  ---------------------  -------------------      -------      -------  ---------------------  -------------------     --------     --------  ----------------------  --------------------  
gclk100             7.475        0.000                      0                   28        0.252        0.000                      0                   28        4.500        0.000                       0                    29  


------------------------------------------------------------------------------------------------
| Inter Clock Table
| -----------------
------------------------------------------------------------------------------------------------

From Clock    To Clock          WNS(ns)      TNS(ns)  TNS Failing Endpoints  TNS Total Endpoints      WHS(ns)      THS(ns)  THS Failing Endpoints  THS Total Endpoints  
----------    --------          -------      -------  ---------------------  -------------------      -------      -------  ---------------------  -------------------  


------------------------------------------------------------------------------------------------
| Other Path Groups Table
| -----------------------
------------------------------------------------------------------------------------------------

Path Group    From Clock    To Clock          WNS(ns)      TNS(ns)  TNS Failing Endpoints  TNS Total Endpoints      WHS(ns)      THS(ns)  THS Failing Endpoints  THS Total Endpoints  
----------    ----------    --------          -------      -------  ---------------------  -------------------      -------      -------  ---------------------  -------------------  


------------------------------------------------------------------------------------------------
| Timing Details
| --------------
------------------------------------------------------------------------------------------------


---------------------------------------------------------------------------------------------------
From Clock:  gclk100
  To Clock:  gclk100

Setup :            0  Failing Endpoints,  Worst Slack        7.475ns,  Total Violation        0.000ns
Hold  :            0  Failing Endpoints,  Worst Slack        0.252ns,  Total Violation        0.000ns
PW    :            0  Failing Endpoints,  Worst Slack        4.500ns,  Total Violation        0.000ns
---------------------------------------------------------------------------------------------------


Max Delay Paths
--------------------------------------------------------------------------------------
Slack (MET) :             7.475ns  (required time - arrival time)
  Source:                 counter_reg[1]/C
                            (rising edge-triggered cell FDRE clocked by gclk100  {rise@0.000ns fall@5.000ns period=10.000ns})
  Destination:            counter_reg[25]/D
                            (rising edge-triggered cell FDRE clocked by gclk100  {rise@0.000ns fall@5.000ns period=10.000ns})
  Path Group:             gclk100
  Path Type:              Setup (Max at Slow Process Corner)
  Requirement:            10.000ns  (gclk100 rise@10.000ns - gclk100 rise@0.000ns)
  Data Path Delay:        2.514ns  (logic 2.034ns (80.891%)  route 0.480ns (19.109%))
  Logic Levels:           7  (CARRY4=7)
  Clock Path Skew:        -0.029ns (DCD - SCD + CPR)
    Destination Clock Delay (DCD):    4.872ns = ( 14.872 - 10.000 ) 
    Source Clock Delay      (SCD):    5.174ns
    Clock Pessimism Removal (CPR):    0.273ns
  Clock Uncertainty:      0.043ns  ((TSJ^2 + TIJ^2)^1/2 + DJ) / 2 + PE
    Total System Jitter     (TSJ):    0.071ns
    Total Input Jitter      (TIJ):    0.050ns
    Discrete Jitter          (DJ):    0.000ns
    Phase Error              (PE):    0.000ns

    Location             Delay type                Incr(ns)  Path(ns)    Netlist Resource(s)
  -------------------------------------------------------------------    -------------------
                         (clock gclk100 rise edge)    0.000     0.000 r  
    E3                                                0.000     0.000 r  gclk100 (IN)
                         net (fo=0)                   0.000     0.000    gclk100
    E3                   IBUF (Prop_ibuf_I_O)         1.489     1.489 r  gclk100_IBUF_inst/O
                         net (fo=1, routed)           1.967     3.455    gclk100_IBUF
    BUFGCTRL_X0Y16       BUFG (Prop_bufg_I_O)         0.096     3.551 r  gclk100_IBUF_BUFG_inst/O
                         net (fo=28, routed)          1.623     5.174    gclk100_IBUF_BUFG
    SLICE_X65Y58         FDRE                                         r  counter_reg[1]/C
  -------------------------------------------------------------------    -------------------
    SLICE_X65Y58         FDRE (Prop_fdre_C_Q)         0.456     5.630 r  counter_reg[1]/Q
                         net (fo=1, routed)           0.480     6.111    counter_reg_n_0_[1]
    SLICE_X65Y58         CARRY4 (Prop_carry4_S[1]_CO[3])
                                                      0.674     6.785 r  counter_reg[0]_i_1/CO[3]
                         net (fo=1, routed)           0.000     6.785    counter_reg[0]_i_1_n_0
    SLICE_X65Y59         CARRY4 (Prop_carry4_CI_CO[3])
                                                      0.114     6.899 r  counter_reg[4]_i_1/CO[3]
                         net (fo=1, routed)           0.000     6.899    counter_reg[4]_i_1_n_0
    SLICE_X65Y60         CARRY4 (Prop_carry4_CI_CO[3])
                                                      0.114     7.013 r  counter_reg[8]_i_1/CO[3]
                         net (fo=1, routed)           0.000     7.013    counter_reg[8]_i_1_n_0
    SLICE_X65Y61         CARRY4 (Prop_carry4_CI_CO[3])
                                                      0.114     7.127 r  counter_reg[12]_i_1/CO[3]
                         net (fo=1, routed)           0.000     7.127    counter_reg[12]_i_1_n_0
    SLICE_X65Y62         CARRY4 (Prop_carry4_CI_CO[3])
                                                      0.114     7.241 r  counter_reg[16]_i_1/CO[3]
                         net (fo=1, routed)           0.000     7.241    counter_reg[16]_i_1_n_0
    SLICE_X65Y63         CARRY4 (Prop_carry4_CI_CO[3])
                                                      0.114     7.355 r  counter_reg[20]_i_1/CO[3]
                         net (fo=1, routed)           0.000     7.355    counter_reg[20]_i_1_n_0
    SLICE_X65Y64         CARRY4 (Prop_carry4_CI_O[1])
                                                      0.334     7.689 r  counter_reg[24]_i_1/O[1]
                         net (fo=1, routed)           0.000     7.689    counter_reg[24]_i_1_n_6
    SLICE_X65Y64         FDRE                                         r  counter_reg[25]/D
  -------------------------------------------------------------------    -------------------

                         (clock gclk100 rise edge)   10.000    10.000 r  
    E3                                                0.000    10.000 r  gclk100 (IN)
                         net (fo=0)                   0.000    10.000    gclk100
    E3                   IBUF (Prop_ibuf_I_O)         1.418    11.418 r  gclk100_IBUF_inst/O
                         net (fo=1, routed)           1.862    13.280    gclk100_IBUF
    BUFGCTRL_X0Y16       BUFG (Prop_bufg_I_O)         0.091    13.371 r  gclk100_IBUF_BUFG_inst/O
                         net (fo=28, routed)          1.501    14.872    gclk100_IBUF_BUFG
    SLICE_X65Y64         FDRE                                         r  counter_reg[25]/C
                         clock pessimism              0.273    15.145    
                         clock uncertainty           -0.043    15.102    
    SLICE_X65Y64         FDRE (Setup_fdre_C_D)        0.062    15.164    counter_reg[25]
  -------------------------------------------------------------------
                         required time                         15.164    
                         arrival time                          -7.689    
  -------------------------------------------------------------------
                         slack                                  7.475    





Min Delay Paths
--------------------------------------------------------------------------------------
Slack (MET) :             0.252ns  (arrival time - required time)
  Source:                 counter_reg[3]/C
                            (rising edge-triggered cell FDRE clocked by gclk100  {rise@0.000ns fall@5.000ns period=10.000ns})
  Destination:            counter_reg[3]/D
                            (rising edge-triggered cell FDRE clocked by gclk100  {rise@0.000ns fall@5.000ns period=10.000ns})
  Path Group:             gclk100
  Path Type:              Hold (Min at Fast Process Corner)
  Requirement:            0.000ns  (gclk100 rise@0.000ns - gclk100 rise@0.000ns)
  Data Path Delay:        0.357ns  (logic 0.249ns (69.714%)  route 0.108ns (30.286%))
  Logic Levels:           1  (CARRY4=1)
  Clock Path Skew:        0.000ns (DCD - SCD - CPR)
    Destination Clock Delay (DCD):    2.019ns
    Source Clock Delay      (SCD):    1.503ns
    Clock Pessimism Removal (CPR):    0.515ns

    Location             Delay type                Incr(ns)  Path(ns)    Netlist Resource(s)
  -------------------------------------------------------------------    -------------------
                         (clock gclk100 rise edge)    0.000     0.000 r  
    E3                                                0.000     0.000 r  gclk100 (IN)
                         net (fo=0)                   0.000     0.000    gclk100
    E3                   IBUF (Prop_ibuf_I_O)         0.257     0.257 r  gclk100_IBUF_inst/O
                         net (fo=1, routed)           0.631     0.888    gclk100_IBUF
    BUFGCTRL_X0Y16       BUFG (Prop_bufg_I_O)         0.026     0.914 r  gclk100_IBUF_BUFG_inst/O
                         net (fo=28, routed)          0.590     1.503    gclk100_IBUF_BUFG
    SLICE_X65Y58         FDRE                                         r  counter_reg[3]/C
  -------------------------------------------------------------------    -------------------
    SLICE_X65Y58         FDRE (Prop_fdre_C_Q)         0.141     1.644 r  counter_reg[3]/Q
                         net (fo=1, routed)           0.108     1.753    counter_reg_n_0_[3]
    SLICE_X65Y58         CARRY4 (Prop_carry4_S[3]_O[3])
                                                      0.108     1.861 r  counter_reg[0]_i_1/O[3]
                         net (fo=1, routed)           0.000     1.861    counter_reg[0]_i_1_n_4
    SLICE_X65Y58         FDRE                                         r  counter_reg[3]/D
  -------------------------------------------------------------------    -------------------

                         (clock gclk100 rise edge)    0.000     0.000 r  
    E3                                                0.000     0.000 r  gclk100 (IN)
                         net (fo=0)                   0.000     0.000    gclk100
    E3                   IBUF (Prop_ibuf_I_O)         0.445     0.445 r  gclk100_IBUF_inst/O
                         net (fo=1, routed)           0.685     1.129    gclk100_IBUF
    BUFGCTRL_X0Y16       BUFG (Prop_bufg_I_O)         0.029     1.158 r  gclk100_IBUF_BUFG_inst/O
                         net (fo=28, routed)          0.860     2.019    gclk100_IBUF_BUFG
    SLICE_X65Y58         FDRE                                         r  counter_reg[3]/C
                         clock pessimism             -0.515     1.503    
    SLICE_X65Y58         FDRE (Hold_fdre_C_D)         0.105     1.608    counter_reg[3]
  -------------------------------------------------------------------
                         required time                         -1.608    
                         arrival time                           1.861    
  -------------------------------------------------------------------
                         slack                                  0.252    





Pulse Width Checks
--------------------------------------------------------------------------------------
Clock Name:         gclk100
Waveform(ns):       { 0.000 5.000 }
Period(ns):         10.000
Sources:            { gclk100 }

Check Type        Corner  Lib Pin  Reference Pin  Required(ns)  Actual(ns)  Slack(ns)  Location        Pin
Min Period        n/a     BUFG/I   n/a            2.155         10.000      7.845      BUFGCTRL_X0Y16  gclk100_IBUF_BUFG_inst/I
Low Pulse Width   Fast    FDRE/C   n/a            0.500         5.000       4.500      SLICE_X65Y63    counter_reg[20]/C
High Pulse Width  Slow    FDRE/C   n/a            0.500         5.000       4.500      SLICE_X65Y62    counter_reg[16]/C



