#-----------------------------------------------------------
# Vivado v2019.1 (64-bit)
# SW Build 2552052 on Fri May 24 14:47:09 MDT 2019
# IP Build 2548770 on Fri May 24 18:01:18 MDT 2019
# Start of session at: Sun Jul 21 19:22:44 2019
# Process ID: 23833
# Current directory: /home/oyaji/work/fpga/firmwares/digilent_arty_A7-35T/blink_leds
# Command line: vivado -log build/vivado.log -jou build/vivado.jou -mode batch -source route_design.tcl
# Log file: /home/oyaji/work/fpga/firmwares/digilent_arty_A7-35T/blink_leds/build/vivado.log
# Journal file: /home/oyaji/work/fpga/firmwares/digilent_arty_A7-35T/blink_leds/build/vivado.jou
#-----------------------------------------------------------
source route_design.tcl
# cd ./build
# read_checkpoint post_place_opt_design.dcp
Command: read_checkpoint post_place_opt_design.dcp
WARNING: [Vivado 12-4167] The checkpoint part 'xc7a35ticsg324-1L' does not match the current project part 'xc7k70tfbv676-1'.
# link_design
Command: link_design
Design is defaulting to srcset: sources_1
Design is defaulting to constrset: constrs_1
Design is defaulting to dcp part: xc7a35ticsg324-1L
Design is defaulting to dcp top: top_blink_leds
INFO: [Device 21-403] Loading part xc7a35ticsg324-1L
INFO: [Netlist 29-17] Analyzing 7 Unisim elements for replacement
INFO: [Netlist 29-28] Unisim Transformation completed in 0 CPU seconds
INFO: [Project 1-479] Netlist was created with Vivado 2019.1
INFO: [Project 1-570] Preparing netlist for logic optimization
INFO: [Timing 38-478] Restoring timing data from binary archive.
INFO: [Timing 38-479] Binary timing data restore complete.
INFO: [Project 1-856] Restoring constraints from binary archive.
INFO: [Project 1-853] Binary constraint restore complete.
Reading XDEF placement.
Reading placer database...
Reading XDEF routing.
Read XDEF File: Time (s): cpu = 00:00:00.13 ; elapsed = 00:00:00.19 . Memory (MB): peak = 2195.520 ; gain = 5.938 ; free physical = 670 ; free virtual = 11128
Restored from archive | CPU: 0.190000 secs | Memory: 1.097534 MB |
Finished XDEF File Restore: Time (s): cpu = 00:00:00.13 ; elapsed = 00:00:00.19 . Memory (MB): peak = 2195.520 ; gain = 5.938 ; free physical = 670 ; free virtual = 11128
Netlist sorting complete. Time (s): cpu = 00:00:00 ; elapsed = 00:00:00 . Memory (MB): peak = 2195.520 ; gain = 0.000 ; free physical = 670 ; free virtual = 11129
INFO: [Project 1-111] Unisim Transformation Summary:
No Unisim elements were transformed.

10 Infos, 0 Warnings, 0 Critical Warnings and 0 Errors encountered.
link_design completed successfully
link_design: Time (s): cpu = 00:00:13 ; elapsed = 00:00:14 . Memory (MB): peak = 2201.457 ; gain = 704.586 ; free physical = 669 ; free virtual = 11128
# route_design
Command: route_design
Attempting to get a license for feature 'Implementation' and/or device 'xc7a35ti'
INFO: [Common 17-349] Got license for feature 'Implementation' and/or device 'xc7a35ti'
Running DRC as a precondition to command route_design
INFO: [DRC 23-27] Running DRC with 4 threads
INFO: [Vivado_Tcl 4-198] DRC finished with 0 Errors
INFO: [Vivado_Tcl 4-199] Please refer to the DRC report (report_drc) for more information.


Starting Routing Task
INFO: [Route 35-254] Multithreading enabled for route_design using a maximum of 4 CPUs
Checksum: PlaceDB: a3223b67 ConstDB: 0 ShapeSum: b8793515 RouteDB: 0

Phase 1 Build RT Design
Phase 1 Build RT Design | Checksum: ce4ff8e5

Time (s): cpu = 00:00:19 ; elapsed = 00:00:16 . Memory (MB): peak = 2336.773 ; gain = 59.676 ; free physical = 551 ; free virtual = 11006
Post Restoration Checksum: NetGraph: 1c4f6569 NumContArr: b200937c Constraints: 0 Timing: 0

Phase 2 Router Initialization

Phase 2.1 Create Timer
Phase 2.1 Create Timer | Checksum: ce4ff8e5

Time (s): cpu = 00:00:19 ; elapsed = 00:00:16 . Memory (MB): peak = 2336.773 ; gain = 59.676 ; free physical = 548 ; free virtual = 11008

Phase 2.2 Fix Topology Constraints
Phase 2.2 Fix Topology Constraints | Checksum: ce4ff8e5

Time (s): cpu = 00:00:19 ; elapsed = 00:00:16 . Memory (MB): peak = 2342.770 ; gain = 65.672 ; free physical = 532 ; free virtual = 10992

Phase 2.3 Pre Route Cleanup
Phase 2.3 Pre Route Cleanup | Checksum: ce4ff8e5

Time (s): cpu = 00:00:19 ; elapsed = 00:00:16 . Memory (MB): peak = 2342.770 ; gain = 65.672 ; free physical = 532 ; free virtual = 10992
 Number of Nodes with overlaps = 0

Phase 2.4 Update Timing
Phase 2.4 Update Timing | Checksum: 1e2f21ebe

Time (s): cpu = 00:00:19 ; elapsed = 00:00:16 . Memory (MB): peak = 2352.781 ; gain = 75.684 ; free physical = 524 ; free virtual = 10984
INFO: [Route 35-416] Intermediate Timing Summary | WNS=7.518  | TNS=0.000  | WHS=-0.018 | THS=-0.204 |

Phase 2 Router Initialization | Checksum: 163f1ee86

Time (s): cpu = 00:00:19 ; elapsed = 00:00:16 . Memory (MB): peak = 2352.781 ; gain = 75.684 ; free physical = 524 ; free virtual = 10984

Router Utilization Summary
  Global Vertical Routing Utilization    = 0 %
  Global Horizontal Routing Utilization  = 0 %
  Routable Net Status*
  *Does not include unroutable nets such as driverless and loadless.
  Run report_route_status for detailed report.
  Number of Failed Nets               = 35
    (Failed Nets is the sum of unrouted and partially routed nets)
  Number of Unrouted Nets             = 35
  Number of Partially Routed Nets     = 0
  Number of Node Overlaps             = 0


Phase 3 Initial Routing
Phase 3 Initial Routing | Checksum: 14d8234d6

Time (s): cpu = 00:00:19 ; elapsed = 00:00:16 . Memory (MB): peak = 2355.785 ; gain = 78.688 ; free physical = 525 ; free virtual = 10986

Phase 4 Rip-up And Reroute

Phase 4.1 Global Iteration 0
 Number of Nodes with overlaps = 0
INFO: [Route 35-416] Intermediate Timing Summary | WNS=7.380  | TNS=0.000  | WHS=N/A    | THS=N/A    |

Phase 4.1 Global Iteration 0 | Checksum: 119c950af

Time (s): cpu = 00:00:19 ; elapsed = 00:00:16 . Memory (MB): peak = 2355.785 ; gain = 78.688 ; free physical = 526 ; free virtual = 10986
Phase 4 Rip-up And Reroute | Checksum: 119c950af

Time (s): cpu = 00:00:19 ; elapsed = 00:00:16 . Memory (MB): peak = 2355.785 ; gain = 78.688 ; free physical = 526 ; free virtual = 10986

Phase 5 Delay and Skew Optimization

Phase 5.1 Delay CleanUp
Phase 5.1 Delay CleanUp | Checksum: 119c950af

Time (s): cpu = 00:00:19 ; elapsed = 00:00:16 . Memory (MB): peak = 2355.785 ; gain = 78.688 ; free physical = 526 ; free virtual = 10986

Phase 5.2 Clock Skew Optimization
Phase 5.2 Clock Skew Optimization | Checksum: 119c950af

Time (s): cpu = 00:00:19 ; elapsed = 00:00:16 . Memory (MB): peak = 2355.785 ; gain = 78.688 ; free physical = 526 ; free virtual = 10986
Phase 5 Delay and Skew Optimization | Checksum: 119c950af

Time (s): cpu = 00:00:19 ; elapsed = 00:00:16 . Memory (MB): peak = 2355.785 ; gain = 78.688 ; free physical = 526 ; free virtual = 10986

Phase 6 Post Hold Fix

Phase 6.1 Hold Fix Iter

Phase 6.1.1 Update Timing
Phase 6.1.1 Update Timing | Checksum: fa5abe55

Time (s): cpu = 00:00:19 ; elapsed = 00:00:16 . Memory (MB): peak = 2355.785 ; gain = 78.688 ; free physical = 526 ; free virtual = 10986
INFO: [Route 35-416] Intermediate Timing Summary | WNS=7.474  | TNS=0.000  | WHS=0.235  | THS=0.000  |

Phase 6.1 Hold Fix Iter | Checksum: fa5abe55

Time (s): cpu = 00:00:19 ; elapsed = 00:00:16 . Memory (MB): peak = 2355.785 ; gain = 78.688 ; free physical = 526 ; free virtual = 10986
Phase 6 Post Hold Fix | Checksum: fa5abe55

Time (s): cpu = 00:00:19 ; elapsed = 00:00:16 . Memory (MB): peak = 2355.785 ; gain = 78.688 ; free physical = 526 ; free virtual = 10986

Phase 7 Route finalize

Router Utilization Summary
  Global Vertical Routing Utilization    = 0.0182572 %
  Global Horizontal Routing Utilization  = 0.0141853 %
  Routable Net Status*
  *Does not include unroutable nets such as driverless and loadless.
  Run report_route_status for detailed report.
  Number of Failed Nets               = 0
    (Failed Nets is the sum of unrouted and partially routed nets)
  Number of Unrouted Nets             = 0
  Number of Partially Routed Nets     = 0
  Number of Node Overlaps             = 0

Phase 7 Route finalize | Checksum: fa5abe55

Time (s): cpu = 00:00:19 ; elapsed = 00:00:16 . Memory (MB): peak = 2355.785 ; gain = 78.688 ; free physical = 526 ; free virtual = 10986

Phase 8 Verifying routed nets

 Verification completed successfully
Phase 8 Verifying routed nets | Checksum: fa5abe55

Time (s): cpu = 00:00:19 ; elapsed = 00:00:16 . Memory (MB): peak = 2357.785 ; gain = 80.688 ; free physical = 525 ; free virtual = 10986

Phase 9 Depositing Routes
Phase 9 Depositing Routes | Checksum: 173ef2795

Time (s): cpu = 00:00:19 ; elapsed = 00:00:16 . Memory (MB): peak = 2357.785 ; gain = 80.688 ; free physical = 525 ; free virtual = 10986

Phase 10 Post Router Timing
INFO: [Route 35-57] Estimated Timing Summary | WNS=7.474  | TNS=0.000  | WHS=0.235  | THS=0.000  |

INFO: [Route 35-327] The final timing numbers are based on the router estimated timing analysis. For a complete and accurate timing signoff, please run report_timing_summary.
Phase 10 Post Router Timing | Checksum: 173ef2795

Time (s): cpu = 00:00:19 ; elapsed = 00:00:16 . Memory (MB): peak = 2357.785 ; gain = 80.688 ; free physical = 525 ; free virtual = 10986
INFO: [Route 35-16] Router Completed Successfully

Time (s): cpu = 00:00:19 ; elapsed = 00:00:16 . Memory (MB): peak = 2357.785 ; gain = 80.688 ; free physical = 541 ; free virtual = 11002

Routing Is Done.
INFO: [Common 17-83] Releasing license: Implementation
12 Infos, 0 Warnings, 0 Critical Warnings and 0 Errors encountered.
route_design completed successfully
route_design: Time (s): cpu = 00:00:22 ; elapsed = 00:00:18 . Memory (MB): peak = 2357.785 ; gain = 156.328 ; free physical = 541 ; free virtual = 11002
INFO: [Common 17-600] The following parameters have non-default value.
general.maxThreads
# write_checkpoint -force route_design.dcp
Netlist sorting complete. Time (s): cpu = 00:00:00 ; elapsed = 00:00:00 . Memory (MB): peak = 2357.785 ; gain = 0.000 ; free physical = 541 ; free virtual = 11002
INFO: [Timing 38-480] Writing timing data to binary archive.
Writing placer database...
Writing XDEF routing.
Writing XDEF routing logical nets.
Writing XDEF routing special nets.
Write XDEF Complete: Time (s): cpu = 00:00:00.05 ; elapsed = 00:00:00.03 . Memory (MB): peak = 2369.660 ; gain = 11.875 ; free physical = 541 ; free virtual = 11003
INFO: [Common 17-1381] The checkpoint '/home/oyaji/work/fpga/firmwares/digilent_arty_A7-35T/blink_leds/build/route_design.dcp' has been generated.
# report_timing_summary -file route_design_timing_summary.rpt
INFO: [Timing 38-91] UpdateTimingParams: Speed grade: -1L, Delay Type: min_max.
INFO: [Timing 38-191] Multithreading enabled for timing update using a maximum of 4 CPUs
INFO: [Common 17-206] Exiting Vivado at Sun Jul 21 19:23:25 2019...
